<?xml version="1.0" encoding="UTF-8"?>
<!-- Generated by org.testng.reporters.JUnitXMLReporter -->
<testsuite hostname="LAPTOP-VFM9P8ED" ignored="0" name="CRM PRO Test Cases" tests="6" failures="0" timestamp="21 Mar 2020 08:46:00 GMT" time="218.75" errors="0">
  <testcase name="HomePageTitleTest" time="0.013" classname="com.crm.qa.testcases.HomePageTest"/>
  <testcase name="userNameLabelTest" time="0.237" classname="com.crm.qa.testcases.HomePageTest"/>
  <testcase name="logoTextTest" time="0.156" classname="com.crm.qa.testcases.HomePageTest"/>
  <testcase name="contactsPageTest" time="12.804" classname="com.crm.qa.testcases.HomePageTest"/>
  <testcase name="dealsPageTest" time="1.531" classname="com.crm.qa.testcases.HomePageTest"/>
  <testcase name="tasksPageTest" time="1.99" classname="com.crm.qa.testcases.HomePageTest"/>
</testsuite> <!-- CRM PRO Test Cases -->
