<?xml version="1.0" encoding="UTF-8"?>
<!-- Generated by org.testng.reporters.JUnitXMLReporter -->
<testsuite hostname="LAPTOP-VFM9P8ED" ignored="0" name="CRMPRO Test Cases5" tests="3" failures="0" timestamp="19 Apr 2020 10:35:57 GMT" time="128.651" errors="0">
  <testcase name="loginPageTitleTest" time="0.488" classname="com.crm.qa.testcases.LoginPageTest"/>
  <testcase name="crmLogoImageTest" time="0.93" classname="com.crm.qa.testcases.LoginPageTest"/>
  <testcase name="loginTest" time="20.103" classname="com.crm.qa.testcases.LoginPageTest"/>
</testsuite> <!-- CRMPRO Test Cases5 -->
