<?xml version="1.0" encoding="UTF-8"?>
<!-- Generated by org.testng.reporters.JUnitXMLReporter -->
<testsuite hostname="LAPTOP-VFM9P8ED" ignored="0" name="CRMPRO Test Cases2" tests="6" failures="0" timestamp="13 Apr 2020 19:34:53 GMT" time="169.493" errors="0">
  <testcase name="HomePageTitleTest" time="0.087" classname="com.crm.qa.testcases.HomePageTest"/>
  <testcase name="userNameLabelTest" time="1.14" classname="com.crm.qa.testcases.HomePageTest"/>
  <testcase name="logoTextTest" time="0.15" classname="com.crm.qa.testcases.HomePageTest"/>
  <testcase name="contactsPageTest" time="2.383" classname="com.crm.qa.testcases.HomePageTest"/>
  <testcase name="dealsPageTest" time="1.61" classname="com.crm.qa.testcases.HomePageTest"/>
  <testcase name="tasksPageTest" time="1.783" classname="com.crm.qa.testcases.HomePageTest"/>
</testsuite> <!-- CRMPRO Test Cases2 -->
