<?xml version="1.0" encoding="UTF-8"?>
<!-- Generated by org.testng.reporters.JUnitXMLReporter -->
<testsuite hostname="LAPTOP-VFM9P8ED" ignored="0" name="CRMPRO Test Cases1" tests="3" failures="0" timestamp="23 Mar 2020 15:51:30 GMT" time="64.937" errors="0">
  <testcase name="loginPageTitleTest" time="0.055" classname="com.crm.qa.testcases.LoginPageTest"/>
  <testcase name="crmLogoImageTest" time="0.386" classname="com.crm.qa.testcases.LoginPageTest"/>
  <testcase name="loginTest" time="6.633" classname="com.crm.qa.testcases.LoginPageTest"/>
</testsuite> <!-- CRMPRO Test Cases1 -->
