<?xml version="1.0" encoding="UTF-8"?>
<!-- Generated by org.testng.reporters.JUnitXMLReporter -->
<testsuite hostname="LAPTOP-VFM9P8ED" ignored="0" name="CRMPRO Test Cases2" tests="6" failures="0" timestamp="23 Mar 2020 15:53:59 GMT" time="148.402" errors="0">
  <testcase name="HomePageTitleTest" time="0.017" classname="com.crm.qa.testcases.HomePageTest"/>
  <testcase name="userNameLabelTest" time="0.225" classname="com.crm.qa.testcases.HomePageTest"/>
  <testcase name="logoTextTest" time="0.123" classname="com.crm.qa.testcases.HomePageTest"/>
  <testcase name="contactsPageTest" time="1.686" classname="com.crm.qa.testcases.HomePageTest"/>
  <testcase name="dealsPageTest" time="1.586" classname="com.crm.qa.testcases.HomePageTest"/>
  <testcase name="tasksPageTest" time="4.289" classname="com.crm.qa.testcases.HomePageTest"/>
</testsuite> <!-- CRMPRO Test Cases2 -->
