<?xml version="1.0" encoding="UTF-8"?>
<!-- Generated by org.testng.reporters.JUnitXMLReporter -->
<testsuite hostname="LAPTOP-VFM9P8ED" ignored="0" name="Free CRM App Test Cases" tests="3" failures="0" timestamp="21 Mar 2020 08:42:21 GMT" time="130.737" errors="0">
  <testcase name="loginPageTitleTest" time="0.179" classname="com.crm.qa.testcases.LoginPageTest"/>
  <testcase name="crmLogoImageTest" time="0.287" classname="com.crm.qa.testcases.LoginPageTest"/>
  <testcase name="loginTest" time="24.003" classname="com.crm.qa.testcases.LoginPageTest"/>
</testsuite> <!-- Free CRM App Test Cases -->
