<?xml version="1.0" encoding="UTF-8"?>
<!-- Generated by org.testng.reporters.JUnitXMLReporter -->
<testsuite hostname="LAPTOP-VFM9P8ED" ignored="0" name="CRMPRO App Test Cases" tests="9" failures="0" timestamp="16 Mar 2020 17:03:18 GMT" time="239.502" errors="0">
  <testcase name="loginPageTitleTest" time="0.052" classname="com.crm.qa.testcases.LoginPageTest"/>
  <testcase name="HomePageTitleTest" time="0.013" classname="com.crm.qa.testcases.HomePageTest"/>
  <testcase name="crmLogoImageTest" time="0.164" classname="com.crm.qa.testcases.LoginPageTest"/>
  <testcase name="userNameLabelTest" time="0.108" classname="com.crm.qa.testcases.HomePageTest"/>
  <testcase name="loginTest" time="6.303" classname="com.crm.qa.testcases.LoginPageTest"/>
  <testcase name="logoTextTest" time="0.117" classname="com.crm.qa.testcases.HomePageTest"/>
  <testcase name="contactsPageTest" time="2.082" classname="com.crm.qa.testcases.HomePageTest"/>
  <testcase name="dealsPageTest" time="2.901" classname="com.crm.qa.testcases.HomePageTest"/>
  <testcase name="tasksPageTest" time="1.511" classname="com.crm.qa.testcases.HomePageTest"/>
</testsuite> <!-- CRMPRO App Test Cases -->
