<?xml version="1.0" encoding="UTF-8"?>
<testng-results skipped="0" failed="0" ignored="0" total="4" passed="4">
  <reporter-output>
  </reporter-output>
  <suite name="FREE CRM Application Test Automation Test Suite" duration-ms="191391" started-at="2020-04-14T06:20:49Z" finished-at="2020-04-14T06:24:01Z">
    <groups>
    </groups>
    <test name="CRMPRO Test Cases2" duration-ms="81060" started-at="2020-04-14T06:20:49Z" finished-at="2020-04-14T06:22:11Z">
      <class name="com.crm.qa.testcases.CalendarPageTest">
        <test-method status="PASS" signature="setUp()[pri:0, instance:com.crm.qa.testcases.CalendarPageTest@30b8a058]" name="setUp" is-config="true" duration-ms="79388" started-at="2020-04-14T06:20:50Z" finished-at="2020-04-14T06:22:09Z">
          <reporter-output>
          </reporter-output>
        </test-method> <!-- setUp -->
        <test-method status="PASS" signature="validateEvent_Mon()[pri:1, instance:com.crm.qa.testcases.CalendarPageTest@30b8a058]" name="validateEvent_Mon" duration-ms="583" started-at="2020-04-14T06:22:09Z" finished-at="2020-04-14T06:22:10Z">
          <reporter-output>
          </reporter-output>
        </test-method> <!-- validateEvent_Mon -->
        <test-method status="PASS" signature="tearDown()[pri:0, instance:com.crm.qa.testcases.CalendarPageTest@30b8a058]" name="tearDown" is-config="true" duration-ms="952" started-at="2020-04-14T06:22:10Z" finished-at="2020-04-14T06:22:11Z">
          <reporter-output>
          </reporter-output>
        </test-method> <!-- tearDown -->
      </class> <!-- com.crm.qa.testcases.CalendarPageTest -->
    </test> <!-- CRMPRO Test Cases2 -->
    <test name="CRMPRO Test Cases5" duration-ms="109091" started-at="2020-04-14T06:22:12Z" finished-at="2020-04-14T06:24:01Z">
      <class name="com.crm.qa.testcases.LoginPageTest">
        <test-method status="PASS" signature="setUp()[pri:0, instance:com.crm.qa.testcases.LoginPageTest@167fdd33]" name="setUp" is-config="true" duration-ms="29008" started-at="2020-04-14T06:22:12Z" finished-at="2020-04-14T06:22:41Z">
          <reporter-output>
          </reporter-output>
        </test-method> <!-- setUp -->
        <test-method status="PASS" signature="loginPageTitleTest()[pri:1, instance:com.crm.qa.testcases.LoginPageTest@167fdd33]" name="loginPageTitleTest" duration-ms="122" started-at="2020-04-14T06:22:41Z" finished-at="2020-04-14T06:22:41Z">
          <reporter-output>
          </reporter-output>
        </test-method> <!-- loginPageTitleTest -->
        <test-method status="PASS" signature="tearDown()[pri:0, instance:com.crm.qa.testcases.LoginPageTest@167fdd33]" name="tearDown" is-config="true" duration-ms="843" started-at="2020-04-14T06:22:41Z" finished-at="2020-04-14T06:22:42Z">
          <reporter-output>
          </reporter-output>
        </test-method> <!-- tearDown -->
        <test-method status="PASS" signature="setUp()[pri:0, instance:com.crm.qa.testcases.LoginPageTest@167fdd33]" name="setUp" is-config="true" duration-ms="41228" started-at="2020-04-14T06:22:42Z" finished-at="2020-04-14T06:23:23Z">
          <reporter-output>
          </reporter-output>
        </test-method> <!-- setUp -->
        <test-method status="PASS" signature="crmLogoImageTest()[pri:2, instance:com.crm.qa.testcases.LoginPageTest@167fdd33]" name="crmLogoImageTest" duration-ms="156" started-at="2020-04-14T06:23:23Z" finished-at="2020-04-14T06:23:23Z">
          <reporter-output>
          </reporter-output>
        </test-method> <!-- crmLogoImageTest -->
        <test-method status="PASS" signature="tearDown()[pri:0, instance:com.crm.qa.testcases.LoginPageTest@167fdd33]" name="tearDown" is-config="true" duration-ms="760" started-at="2020-04-14T06:23:23Z" finished-at="2020-04-14T06:23:24Z">
          <reporter-output>
          </reporter-output>
        </test-method> <!-- tearDown -->
        <test-method status="PASS" signature="setUp()[pri:0, instance:com.crm.qa.testcases.LoginPageTest@167fdd33]" name="setUp" is-config="true" duration-ms="20228" started-at="2020-04-14T06:23:24Z" finished-at="2020-04-14T06:23:44Z">
          <reporter-output>
          </reporter-output>
        </test-method> <!-- setUp -->
        <test-method status="PASS" signature="loginTest()[pri:3, instance:com.crm.qa.testcases.LoginPageTest@167fdd33]" name="loginTest" duration-ms="15840" started-at="2020-04-14T06:23:44Z" finished-at="2020-04-14T06:24:00Z">
          <reporter-output>
          </reporter-output>
        </test-method> <!-- loginTest -->
        <test-method status="PASS" signature="tearDown()[pri:0, instance:com.crm.qa.testcases.LoginPageTest@167fdd33]" name="tearDown" is-config="true" duration-ms="880" started-at="2020-04-14T06:24:00Z" finished-at="2020-04-14T06:24:01Z">
          <reporter-output>
          </reporter-output>
        </test-method> <!-- tearDown -->
      </class> <!-- com.crm.qa.testcases.LoginPageTest -->
    </test> <!-- CRMPRO Test Cases5 -->
  </suite> <!-- FREE CRM Application Test Automation Test Suite -->
</testng-results>
