<?xml version="1.0" encoding="UTF-8"?>
<!-- Generated by org.testng.reporters.JUnitXMLReporter -->
<testsuite hostname="LAPTOP-VFM9P8ED" ignored="0" name="CRMPRO Test Cases5" tests="3" failures="0" timestamp="14 Apr 2020 07:46:23 GMT" time="56.806" errors="0">
  <testcase name="loginPageTitleTest" time="0.037" classname="com.crm.qa.testcases.LoginPageTest"/>
  <testcase name="crmLogoImageTest" time="0.219" classname="com.crm.qa.testcases.LoginPageTest"/>
  <testcase name="loginTest" time="6.091" classname="com.crm.qa.testcases.LoginPageTest"/>
</testsuite> <!-- CRMPRO Test Cases5 -->
